<?xml version="1.0" encoding="UTF-8"?>
<!-- Generated by org.testng.reporters.JUnitReportReporter -->
<testsuite hostname="Satheshs-MacBook-Pro.local" failures="0" tests="1" name="iOS_Test.Scroll_IOSAPP" time="9.066" errors="0" timestamp="2024-08-14T12:02:37 IST" skipped="0">
  <testcase classname="iOS_Test.Scroll_IOSAPP" name="testcase1" time="9.066"/>
  <system-out/>
</testsuite> <!-- iOS_Test.Scroll_IOSAPP -->
