<?xml version="1.0" encoding="UTF-8"?>
<!-- Generated by org.testng.reporters.JUnitReportReporter -->
<testsuite hostname="Satheshs-MacBook-Pro.local" failures="0" tests="1" name="iOS_Test.IOSAPP" time="6.498" errors="0" timestamp="2024-08-14T10:56:33 IST" skipped="0">
  <testcase classname="iOS_Test.IOSAPP" name="testcase1" time="6.498"/>
  <system-out/>
</testsuite> <!-- iOS_Test.IOSAPP -->
